<?xml version="1.0" encoding="UTF-8"?>
<coverage generated="1777830764587" clover="3.2.0">
  <project timestamp="1777830764587" name="All files">
    <metrics statements="156" coveredstatements="136" conditionals="104" coveredconditionals="82" methods="77" coveredmethods="58" elements="337" coveredelements="276" complexity="0" loc="156" ncloc="156" packages="5" files="21" classes="21"/>
    <package name="src">
      <metrics statements="6" coveredstatements="6" conditionals="0" coveredconditionals="0" methods="5" coveredmethods="2"/>
      <file name="App.jsx" path="C:\Users\reetu\Desktop\Election_Process_Communication\src\App.jsx">
        <metrics statements="6" coveredstatements="6" conditionals="0" coveredconditionals="0" methods="5" coveredmethods="2"/>
        <line num="11" count="1" type="stmt"/>
        <line num="12" count="1" type="stmt"/>
        <line num="13" count="1" type="stmt"/>
        <line num="14" count="1" type="stmt"/>
        <line num="25" count="1" type="stmt"/>
        <line num="27" count="1" type="stmt"/>
      </file>
    </package>
    <package name="src.assets">
      <metrics statements="0" coveredstatements="0" conditionals="0" coveredconditionals="0" methods="0" coveredmethods="0"/>
      <file name="hero_election.png" path="C:\Users\reetu\Desktop\Election_Process_Communication\src\assets\hero_election.png">
        <metrics statements="0" coveredstatements="0" conditionals="0" coveredconditionals="0" methods="0" coveredmethods="0"/>
      </file>
      <file name="home_assistant.png" path="C:\Users\reetu\Desktop\Election_Process_Communication\src\assets\home_assistant.png">
        <metrics statements="0" coveredstatements="0" conditionals="0" coveredconditionals="0" methods="0" coveredmethods="0"/>
      </file>
      <file name="home_registering.png" path="C:\Users\reetu\Desktop\Election_Process_Communication\src\assets\home_registering.png">
        <metrics statements="0" coveredstatements="0" conditionals="0" coveredconditionals="0" methods="0" coveredmethods="0"/>
      </file>
      <file name="home_resources.png" path="C:\Users\reetu\Desktop\Election_Process_Communication\src\assets\home_resources.png">
        <metrics statements="0" coveredstatements="0" conditionals="0" coveredconditionals="0" methods="0" coveredmethods="0"/>
      </file>
      <file name="home_timeline.png" path="C:\Users\reetu\Desktop\Election_Process_Communication\src\assets\home_timeline.png">
        <metrics statements="0" coveredstatements="0" conditionals="0" coveredconditionals="0" methods="0" coveredmethods="0"/>
      </file>
      <file name="parallax1.png" path="C:\Users\reetu\Desktop\Election_Process_Communication\src\assets\parallax1.png">
        <metrics statements="0" coveredstatements="0" conditionals="0" coveredconditionals="0" methods="0" coveredmethods="0"/>
      </file>
      <file name="parallax2.png" path="C:\Users\reetu\Desktop\Election_Process_Communication\src\assets\parallax2.png">
        <metrics statements="0" coveredstatements="0" conditionals="0" coveredconditionals="0" methods="0" coveredmethods="0"/>
      </file>
    </package>
    <package name="src.components">
      <metrics statements="27" coveredstatements="27" conditionals="26" coveredconditionals="16" methods="20" coveredmethods="18"/>
      <file name="ErrorBoundary.jsx" path="C:\Users\reetu\Desktop\Election_Process_Communication\src\components\ErrorBoundary.jsx">
        <metrics statements="7" coveredstatements="7" conditionals="4" coveredconditionals="4" methods="4" coveredmethods="4"/>
        <line num="6" count="8" type="stmt"/>
        <line num="7" count="8" type="stmt"/>
        <line num="11" count="4" type="stmt"/>
        <line num="20" count="11" type="cond" truecount="2" falsecount="0"/>
        <line num="21" count="4" type="stmt"/>
        <line num="32" count="7" type="stmt"/>
        <line num="36" count="2" type="stmt"/>
      </file>
      <file name="Footer.jsx" path="C:\Users\reetu\Desktop\Election_Process_Communication\src\components\Footer.jsx">
        <metrics statements="3" coveredstatements="3" conditionals="0" coveredconditionals="0" methods="1" coveredmethods="1"/>
        <line num="9" count="2" type="stmt"/>
        <line num="10" count="5" type="stmt"/>
        <line num="12" count="5" type="stmt"/>
      </file>
      <file name="Navbar.jsx" path="C:\Users\reetu\Desktop\Election_Process_Communication\src\components\Navbar.jsx">
        <metrics statements="17" coveredstatements="17" conditionals="22" coveredconditionals="12" methods="15" coveredmethods="13"/>
        <line num="11" count="2" type="stmt"/>
        <line num="12" count="12" type="stmt"/>
        <line num="14" count="12" type="stmt"/>
        <line num="15" count="9" type="cond" truecount="0" falsecount="2"/>
        <line num="16" count="9" type="stmt"/>
        <line num="17" count="9" type="stmt"/>
        <line num="20" count="12" type="stmt"/>
        <line num="22" count="12" type="stmt"/>
        <line num="46" count="12" type="cond" truecount="1" falsecount="1"/>
        <line num="53" count="12" type="cond" truecount="1" falsecount="1"/>
        <line num="60" count="12" type="cond" truecount="1" falsecount="1"/>
        <line num="67" count="12" type="cond" truecount="1" falsecount="1"/>
        <line num="88" count="3" type="stmt"/>
        <line num="104" count="12" type="cond" truecount="1" falsecount="1"/>
        <line num="107" count="12" type="cond" truecount="1" falsecount="1"/>
        <line num="110" count="12" type="cond" truecount="1" falsecount="1"/>
        <line num="113" count="12" type="cond" truecount="1" falsecount="1"/>
      </file>
    </package>
    <package name="src.pages">
      <metrics statements="123" coveredstatements="103" conditionals="78" coveredconditionals="66" methods="52" coveredmethods="38"/>
      <file name="Assistant.jsx" path="C:\Users\reetu\Desktop\Election_Process_Communication\src\pages\Assistant.jsx">
        <metrics statements="43" coveredstatements="36" conditionals="22" coveredconditionals="16" methods="10" coveredmethods="9"/>
        <line num="9" count="1" type="stmt"/>
        <line num="22" count="1" type="stmt"/>
        <line num="23" count="16" type="stmt"/>
        <line num="30" count="16" type="stmt"/>
        <line num="31" count="16" type="cond" truecount="1" falsecount="1"/>
        <line num="32" count="16" type="stmt"/>
        <line num="33" count="16" type="stmt"/>
        <line num="34" count="16" type="stmt"/>
        <line num="35" count="16" type="stmt"/>
        <line num="37" count="16" type="stmt"/>
        <line num="38" count="13" type="stmt"/>
        <line num="41" count="16" type="stmt"/>
        <line num="42" count="13" type="stmt"/>
        <line num="45" count="16" type="stmt"/>
        <line num="46" count="1" type="stmt"/>
        <line num="47" count="1" type="stmt"/>
        <line num="48" count="1" type="cond" truecount="1" falsecount="1"/>
        <line num="50" count="1" type="cond" truecount="1" falsecount="1"/>
        <line num="51" count="0" type="stmt"/>
        <line num="52" count="0" type="stmt"/>
        <line num="55" count="1" type="stmt"/>
        <line num="56" count="1" type="stmt"/>
        <line num="57" count="1" type="stmt"/>
        <line num="58" count="1" type="stmt"/>
        <line num="59" count="1" type="stmt"/>
        <line num="61" count="1" type="stmt"/>
        <line num="62" count="1" type="stmt"/>
        <line num="63" count="1" type="stmt"/>
        <line num="71" count="1" type="stmt"/>
        <line num="72" count="0" type="stmt"/>
        <line num="73" count="0" type="stmt"/>
        <line num="76" count="0" type="stmt"/>
        <line num="81" count="0" type="stmt"/>
        <line num="86" count="0" type="stmt"/>
        <line num="90" count="1" type="cond" truecount="3" falsecount="1"/>
        <line num="93" count="1" type="stmt"/>
        <line num="94" count="1" type="stmt"/>
        <line num="99" count="1" type="stmt"/>
        <line num="100" count="1" type="stmt"/>
        <line num="104" count="16" type="stmt"/>
        <line num="120" count="1" type="stmt"/>
        <line num="144" count="18" type="stmt"/>
        <line num="201" count="2" type="stmt"/>
      </file>
      <file name="Home.jsx" path="C:\Users\reetu\Desktop\Election_Process_Communication\src\pages\Home.jsx">
        <metrics statements="29" coveredstatements="16" conditionals="8" coveredconditionals="2" methods="16" coveredmethods="3"/>
        <line num="14" count="1" type="stmt"/>
        <line num="16" count="1" type="stmt"/>
        <line num="21" count="1" type="stmt"/>
        <line num="26" count="1" type="stmt"/>
        <line num="86" count="1" type="stmt"/>
        <line num="87" count="16" type="stmt"/>
        <line num="88" count="16" type="stmt"/>
        <line num="89" count="16" type="stmt"/>
        <line num="91" count="16" type="stmt"/>
        <line num="92" count="16" type="stmt"/>
        <line num="93" count="16" type="stmt"/>
        <line num="94" count="16" type="stmt"/>
        <line num="95" count="16" type="stmt"/>
        <line num="97" count="16" type="stmt"/>
        <line num="157" count="0" type="stmt"/>
        <line num="206" count="0" type="stmt"/>
        <line num="221" count="0" type="stmt"/>
        <line num="224" count="0" type="cond" truecount="0" falsecount="2"/>
        <line num="258" count="0" type="stmt"/>
        <line num="261" count="0" type="cond" truecount="0" falsecount="2"/>
        <line num="292" count="0" type="stmt"/>
        <line num="325" count="0" type="stmt"/>
        <line num="340" count="0" type="stmt"/>
        <line num="343" count="0" type="cond" truecount="0" falsecount="2"/>
        <line num="385" count="112" type="stmt"/>
        <line num="445" count="0" type="stmt"/>
        <line num="464" count="96" type="stmt"/>
        <line num="494" count="0" type="stmt"/>
        <line num="509" count="0" type="stmt"/>
      </file>
      <file name="Resources.jsx" path="C:\Users\reetu\Desktop\Election_Process_Communication\src\pages\Resources.jsx">
        <metrics statements="29" coveredstatements="29" conditionals="20" coveredconditionals="20" methods="13" coveredmethods="13"/>
        <line num="11" count="1" type="stmt"/>
        <line num="103" count="1" type="stmt"/>
        <line num="104" count="19" type="stmt"/>
        <line num="105" count="19" type="stmt"/>
        <line num="106" count="19" type="stmt"/>
        <line num="126" count="1" type="stmt"/>
        <line num="133" count="1" type="stmt"/>
        <line num="134" count="38" type="stmt"/>
        <line num="151" count="1" type="stmt"/>
        <line num="163" count="1" type="stmt"/>
        <line num="164" count="21" type="stmt"/>
        <line num="165" count="21" type="stmt"/>
        <line num="167" count="23" type="stmt"/>
        <line num="169" count="21" type="stmt"/>
        <line num="170" count="3" type="stmt"/>
        <line num="171" count="3" type="stmt"/>
        <line num="174" count="21" type="stmt"/>
        <line num="175" count="420" type="stmt"/>
        <line num="178" count="21" type="stmt"/>
        <line num="198" count="84" type="stmt"/>
        <line num="199" count="84" type="stmt"/>
        <line num="200" count="84" type="stmt"/>
        <line num="202" count="84" type="stmt"/>
        <line num="210" count="3" type="stmt"/>
        <line num="283" count="105" type="stmt"/>
        <line num="284" count="105" type="stmt"/>
        <line num="285" count="105" type="stmt"/>
        <line num="296" count="3" type="stmt"/>
        <line num="316" count="42" type="stmt"/>
      </file>
      <file name="Timeline.jsx" path="C:\Users\reetu\Desktop\Election_Process_Communication\src\pages\Timeline.jsx">
        <metrics statements="22" coveredstatements="22" conditionals="28" coveredconditionals="28" methods="13" coveredmethods="13"/>
        <line num="10" count="1" type="stmt"/>
        <line num="89" count="1" type="stmt"/>
        <line num="90" count="23" type="stmt"/>
        <line num="91" count="23" type="stmt"/>
        <line num="93" count="23" type="cond" truecount="2" falsecount="0"/>
        <line num="95" count="23" type="stmt"/>
        <line num="96" count="2" type="stmt"/>
        <line num="97" count="2" type="stmt"/>
        <line num="100" count="23" type="stmt"/>
        <line num="101" count="368" type="stmt"/>
        <line num="102" count="92" type="stmt"/>
        <line num="105" count="23" type="stmt"/>
        <line num="129" count="92" type="stmt"/>
        <line num="138" count="92" type="stmt"/>
        <line num="150" count="92" type="stmt"/>
        <line num="151" count="92" type="stmt"/>
        <line num="153" count="92" type="stmt"/>
        <line num="216" count="7" type="stmt"/>
        <line num="248" count="32" type="stmt"/>
        <line num="249" count="32" type="stmt"/>
        <line num="250" count="32" type="stmt"/>
        <line num="261" count="2" type="stmt"/>
      </file>
    </package>
    <package name="src.styles">
      <metrics statements="0" coveredstatements="0" conditionals="0" coveredconditionals="0" methods="0" coveredmethods="0"/>
      <file name="Assistant.css" path="C:\Users\reetu\Desktop\Election_Process_Communication\src\styles\Assistant.css">
        <metrics statements="0" coveredstatements="0" conditionals="0" coveredconditionals="0" methods="0" coveredmethods="0"/>
      </file>
      <file name="Footer.css" path="C:\Users\reetu\Desktop\Election_Process_Communication\src\styles\Footer.css">
        <metrics statements="0" coveredstatements="0" conditionals="0" coveredconditionals="0" methods="0" coveredmethods="0"/>
      </file>
      <file name="Home.css" path="C:\Users\reetu\Desktop\Election_Process_Communication\src\styles\Home.css">
        <metrics statements="0" coveredstatements="0" conditionals="0" coveredconditionals="0" methods="0" coveredmethods="0"/>
      </file>
      <file name="Navbar.css" path="C:\Users\reetu\Desktop\Election_Process_Communication\src\styles\Navbar.css">
        <metrics statements="0" coveredstatements="0" conditionals="0" coveredconditionals="0" methods="0" coveredmethods="0"/>
      </file>
      <file name="Resources.css" path="C:\Users\reetu\Desktop\Election_Process_Communication\src\styles\Resources.css">
        <metrics statements="0" coveredstatements="0" conditionals="0" coveredconditionals="0" methods="0" coveredmethods="0"/>
      </file>
      <file name="Timeline.css" path="C:\Users\reetu\Desktop\Election_Process_Communication\src\styles\Timeline.css">
        <metrics statements="0" coveredstatements="0" conditionals="0" coveredconditionals="0" methods="0" coveredmethods="0"/>
      </file>
    </package>
  </project>
</coverage>
