{"C:\\Users\\reetu\\Desktop\\Election_Process_Communication\\src\\App.jsx": {"path":"C:\\Users\\reetu\\Desktop\\Election_Process_Communication\\src\\App.jsx","statementMap":{"0":{"start":{"line":11,"column":13},"end":{"line":11,"column":null}},"1":{"start":{"line":11,"column":30},"end":{"line":11,"column":null}},"2":{"start":{"line":12,"column":18},"end":{"line":12,"column":null}},"3":{"start":{"line":12,"column":35},"end":{"line":12,"column":null}},"4":{"start":{"line":13,"column":17},"end":{"line":13,"column":null}},"5":{"start":{"line":13,"column":34},"end":{"line":13,"column":null}},"6":{"start":{"line":14,"column":18},"end":{"line":14,"column":null}},"7":{"start":{"line":14,"column":35},"end":{"line":14,"column":null}},"8":{"start":{"line":25,"column":8},"end":{"line":25,"column":32}},"9":{"start":{"line":27,"column":2},"end":{"line":46,"column":null}}},"fnMap":{"0":{"name":"(anonymous_0)","decl":{"start":{"line":11,"column":19},"end":{"line":11,"column":30}},"loc":{"start":{"line":11,"column":30},"end":{"line":11,"column":null}},"line":11},"1":{"name":"(anonymous_1)","decl":{"start":{"line":12,"column":24},"end":{"line":12,"column":35}},"loc":{"start":{"line":12,"column":35},"end":{"line":12,"column":null}},"line":12},"2":{"name":"(anonymous_2)","decl":{"start":{"line":13,"column":23},"end":{"line":13,"column":34}},"loc":{"start":{"line":13,"column":34},"end":{"line":13,"column":null}},"line":13},"3":{"name":"(anonymous_3)","decl":{"start":{"line":14,"column":24},"end":{"line":14,"column":35}},"loc":{"start":{"line":14,"column":35},"end":{"line":14,"column":null}},"line":14},"4":{"name":"App","decl":{"start":{"line":24,"column":9},"end":{"line":24,"column":15}},"loc":{"start":{"line":24,"column":15},"end":{"line":46,"column":null}},"line":24}},"branchMap":{},"s":{"0":1,"1":1,"2":1,"3":0,"4":1,"5":0,"6":1,"7":0,"8":1,"9":1},"f":{"0":1,"1":0,"2":0,"3":0,"4":1},"b":{},"meta":{"lastBranch":0,"lastFunction":5,"lastStatement":10,"seen":{"s:11:13:11:Infinity":0,"f:11:19:11:30":0,"s:11:30:11:Infinity":1,"s:12:18:12:Infinity":2,"f:12:24:12:35":1,"s:12:35:12:Infinity":3,"s:13:17:13:Infinity":4,"f:13:23:13:34":2,"s:13:34:13:Infinity":5,"s:14:18:14:Infinity":6,"f:14:24:14:35":3,"s:14:35:14:Infinity":7,"f:24:9:24:15":4,"s:25:8:25:32":8,"s:27:2:46:Infinity":9}}}
,"C:\\Users\\reetu\\Desktop\\Election_Process_Communication\\src\\assets\\hero_election.png": {"path":"C:\\Users\\reetu\\Desktop\\Election_Process_Communication\\src\\assets\\hero_election.png","statementMap":{},"fnMap":{},"branchMap":{},"s":{},"f":{},"b":{},"meta":{"lastBranch":0,"lastFunction":0,"lastStatement":0,"seen":{}}}
,"C:\\Users\\reetu\\Desktop\\Election_Process_Communication\\src\\assets\\home_assistant.png": {"path":"C:\\Users\\reetu\\Desktop\\Election_Process_Communication\\src\\assets\\home_assistant.png","statementMap":{},"fnMap":{},"branchMap":{},"s":{},"f":{},"b":{},"meta":{"lastBranch":0,"lastFunction":0,"lastStatement":0,"seen":{}}}
,"C:\\Users\\reetu\\Desktop\\Election_Process_Communication\\src\\assets\\home_registering.png": {"path":"C:\\Users\\reetu\\Desktop\\Election_Process_Communication\\src\\assets\\home_registering.png","statementMap":{},"fnMap":{},"branchMap":{},"s":{},"f":{},"b":{},"meta":{"lastBranch":0,"lastFunction":0,"lastStatement":0,"seen":{}}}
,"C:\\Users\\reetu\\Desktop\\Election_Process_Communication\\src\\assets\\home_resources.png": {"path":"C:\\Users\\reetu\\Desktop\\Election_Process_Communication\\src\\assets\\home_resources.png","statementMap":{},"fnMap":{},"branchMap":{},"s":{},"f":{},"b":{},"meta":{"lastBranch":0,"lastFunction":0,"lastStatement":0,"seen":{}}}
,"C:\\Users\\reetu\\Desktop\\Election_Process_Communication\\src\\assets\\home_timeline.png": {"path":"C:\\Users\\reetu\\Desktop\\Election_Process_Communication\\src\\assets\\home_timeline.png","statementMap":{},"fnMap":{},"branchMap":{},"s":{},"f":{},"b":{},"meta":{"lastBranch":0,"lastFunction":0,"lastStatement":0,"seen":{}}}
,"C:\\Users\\reetu\\Desktop\\Election_Process_Communication\\src\\assets\\parallax1.png": {"path":"C:\\Users\\reetu\\Desktop\\Election_Process_Communication\\src\\assets\\parallax1.png","statementMap":{},"fnMap":{},"branchMap":{},"s":{},"f":{},"b":{},"meta":{"lastBranch":0,"lastFunction":0,"lastStatement":0,"seen":{}}}
,"C:\\Users\\reetu\\Desktop\\Election_Process_Communication\\src\\assets\\parallax2.png": {"path":"C:\\Users\\reetu\\Desktop\\Election_Process_Communication\\src\\assets\\parallax2.png","statementMap":{},"fnMap":{},"branchMap":{},"s":{},"f":{},"b":{},"meta":{"lastBranch":0,"lastFunction":0,"lastStatement":0,"seen":{}}}
,"C:\\Users\\reetu\\Desktop\\Election_Process_Communication\\src\\components\\ErrorBoundary.jsx": {"path":"C:\\Users\\reetu\\Desktop\\Election_Process_Communication\\src\\components\\ErrorBoundary.jsx","statementMap":{"0":{"start":{"line":6,"column":4},"end":{"line":6,"column":null}},"1":{"start":{"line":7,"column":4},"end":{"line":7,"column":null}},"2":{"start":{"line":11,"column":4},"end":{"line":11,"column":null}},"3":{"start":{"line":20,"column":4},"end":{"line":27,"column":null}},"4":{"start":{"line":21,"column":6},"end":{"line":27,"column":null}},"5":{"start":{"line":32,"column":4},"end":{"line":32,"column":null}},"6":{"start":{"line":36,"column":0},"end":{"line":38,"column":null}}},"fnMap":{"0":{"name":"(anonymous_0)","decl":{"start":{"line":5,"column":2},"end":{"line":5,"column":14}},"loc":{"start":{"line":5,"column":21},"end":{"line":7,"column":null}},"line":5},"1":{"name":"(anonymous_1)","decl":{"start":{"line":10,"column":9},"end":{"line":10,"column":34}},"loc":{"start":{"line":10,"column":41},"end":{"line":11,"column":null}},"line":10},"2":{"name":"(anonymous_2)","decl":{"start":{"line":15,"column":2},"end":{"line":15,"column":20}},"loc":{"start":{"line":15,"column":38},"end":{"line":15,"column":null}},"line":15},"3":{"name":"(anonymous_3)","decl":{"start":{"line":19,"column":2},"end":{"line":19,"column":11}},"loc":{"start":{"line":19,"column":11},"end":{"line":32,"column":null}},"line":19}},"branchMap":{"0":{"loc":{"start":{"line":20,"column":4},"end":{"line":27,"column":null}},"type":"if","locations":[{"start":{"line":20,"column":4},"end":{"line":27,"column":null}},{"start":{},"end":{}}],"line":20},"1":{"loc":{"start":{"line":26,"column":13},"end":{"line":26,"column":null}},"type":"binary-expr","locations":[{"start":{"line":26,"column":13},"end":{"line":26,"column":33}},{"start":{"line":26,"column":33},"end":{"line":26,"column":null}}],"line":26}},"s":{"0":8,"1":8,"2":4,"3":11,"4":4,"5":7,"6":2},"f":{"0":8,"1":2,"2":2,"3":11},"b":{"0":[4,7],"1":[4,4]},"meta":{"lastBranch":2,"lastFunction":4,"lastStatement":7,"seen":{"f:5:2:5:14":0,"s:6:4:6:Infinity":0,"s:7:4:7:Infinity":1,"f:10:9:10:34":1,"s:11:4:11:Infinity":2,"f:15:2:15:20":2,"f:19:2:19:11":3,"b:20:4:27:Infinity:undefined:undefined:undefined:undefined":0,"s:20:4:27:Infinity":3,"s:21:6:27:Infinity":4,"b:26:13:26:33:26:33:26:Infinity":1,"s:32:4:32:Infinity":5,"s:36:0:38:Infinity":6}}}
,"C:\\Users\\reetu\\Desktop\\Election_Process_Communication\\src\\components\\Footer.jsx": {"path":"C:\\Users\\reetu\\Desktop\\Election_Process_Communication\\src\\components\\Footer.jsx","statementMap":{"0":{"start":{"line":9,"column":6},"end":{"line":33,"column":null}},"1":{"start":{"line":10,"column":15},"end":{"line":10,"column":39}},"2":{"start":{"line":12,"column":2},"end":{"line":33,"column":null}}},"fnMap":{"0":{"name":"(anonymous_0)","decl":{"start":{"line":9,"column":6},"end":{"line":9,"column":21}},"loc":{"start":{"line":9,"column":21},"end":{"line":33,"column":null}},"line":9}},"branchMap":{},"s":{"0":2,"1":5,"2":5},"f":{"0":5},"b":{},"meta":{"lastBranch":0,"lastFunction":1,"lastStatement":3,"seen":{"s:9:6:33:Infinity":0,"f:9:6:9:21":0,"s:10:15:10:39":1,"s:12:2:33:Infinity":2}}}
,"C:\\Users\\reetu\\Desktop\\Election_Process_Communication\\src\\components\\Navbar.jsx": {"path":"C:\\Users\\reetu\\Desktop\\Election_Process_Communication\\src\\components\\Navbar.jsx","statementMap":{"0":{"start":{"line":11,"column":6},"end":{"line":125,"column":null}},"1":{"start":{"line":12,"column":19},"end":{"line":12,"column":49}},"2":{"start":{"line":14,"column":2},"end":{"line":18,"column":null}},"3":{"start":{"line":15,"column":10},"end":{"line":15,"column":null}},"4":{"start":{"line":15,"column":29},"end":{"line":15,"column":null}},"5":{"start":{"line":15,"column":58},"end":{"line":15,"column":null}},"6":{"start":{"line":16,"column":4},"end":{"line":16,"column":null}},"7":{"start":{"line":17,"column":4},"end":{"line":17,"column":null}},"8":{"start":{"line":17,"column":17},"end":{"line":17,"column":63}},"9":{"start":{"line":20,"column":8},"end":{"line":20,"column":44}},"10":{"start":{"line":20,"column":26},"end":{"line":20,"column":44}},"11":{"start":{"line":22,"column":2},"end":{"line":125,"column":null}},"12":{"start":{"line":46,"column":45},"end":{"line":46,"column":null}},"13":{"start":{"line":53,"column":45},"end":{"line":53,"column":null}},"14":{"start":{"line":60,"column":45},"end":{"line":60,"column":null}},"15":{"start":{"line":67,"column":45},"end":{"line":67,"column":null}},"16":{"start":{"line":88,"column":27},"end":{"line":88,"column":53}},"17":{"start":{"line":88,"column":47},"end":{"line":88,"column":53}},"18":{"start":{"line":104,"column":59},"end":{"line":104,"column":102}},"19":{"start":{"line":107,"column":63},"end":{"line":107,"column":106}},"20":{"start":{"line":110,"column":64},"end":{"line":110,"column":107}},"21":{"start":{"line":113,"column":64},"end":{"line":113,"column":135}}},"fnMap":{"0":{"name":"(anonymous_0)","decl":{"start":{"line":11,"column":6},"end":{"line":11,"column":21}},"loc":{"start":{"line":11,"column":21},"end":{"line":125,"column":null}},"line":11},"1":{"name":"(anonymous_1)","decl":{"start":{"line":14,"column":2},"end":{"line":14,"column":18}},"loc":{"start":{"line":14,"column":18},"end":{"line":18,"column":7}},"line":14},"2":{"name":"(anonymous_2)","decl":{"start":{"line":15,"column":10},"end":{"line":15,"column":27}},"loc":{"start":{"line":15,"column":27},"end":{"line":15,"column":null}},"line":15},"3":{"name":"(anonymous_3)","decl":{"start":{"line":17,"column":4},"end":{"line":17,"column":17}},"loc":{"start":{"line":17,"column":17},"end":{"line":17,"column":63}},"line":17},"4":{"name":"(anonymous_4)","decl":{"start":{"line":20,"column":8},"end":{"line":20,"column":26}},"loc":{"start":{"line":20,"column":26},"end":{"line":20,"column":44}},"line":20},"5":{"name":"(anonymous_5)","decl":{"start":{"line":46,"column":16},"end":{"line":46,"column":28}},"loc":{"start":{"line":46,"column":45},"end":{"line":46,"column":null}},"line":46},"6":{"name":"(anonymous_6)","decl":{"start":{"line":53,"column":16},"end":{"line":53,"column":28}},"loc":{"start":{"line":53,"column":45},"end":{"line":53,"column":null}},"line":53},"7":{"name":"(anonymous_7)","decl":{"start":{"line":60,"column":16},"end":{"line":60,"column":28}},"loc":{"start":{"line":60,"column":45},"end":{"line":60,"column":null}},"line":60},"8":{"name":"(anonymous_8)","decl":{"start":{"line":67,"column":16},"end":{"line":67,"column":28}},"loc":{"start":{"line":67,"column":45},"end":{"line":67,"column":null}},"line":67},"9":{"name":"(anonymous_9)","decl":{"start":{"line":88,"column":12},"end":{"line":88,"column":27}},"loc":{"start":{"line":88,"column":27},"end":{"line":88,"column":53}},"line":88},"10":{"name":"(anonymous_10)","decl":{"start":{"line":88,"column":27},"end":{"line":88,"column":39}},"loc":{"start":{"line":88,"column":47},"end":{"line":88,"column":53}},"line":88},"11":{"name":"(anonymous_11)","decl":{"start":{"line":104,"column":30},"end":{"line":104,"column":42}},"loc":{"start":{"line":104,"column":59},"end":{"line":104,"column":102}},"line":104},"12":{"name":"(anonymous_12)","decl":{"start":{"line":107,"column":34},"end":{"line":107,"column":46}},"loc":{"start":{"line":107,"column":63},"end":{"line":107,"column":106}},"line":107},"13":{"name":"(anonymous_13)","decl":{"start":{"line":110,"column":35},"end":{"line":110,"column":47}},"loc":{"start":{"line":110,"column":64},"end":{"line":110,"column":107}},"line":110},"14":{"name":"(anonymous_14)","decl":{"start":{"line":113,"column":35},"end":{"line":113,"column":47}},"loc":{"start":{"line":113,"column":64},"end":{"line":113,"column":135}},"line":113}},"branchMap":{"0":{"loc":{"start":{"line":15,"column":29},"end":{"line":15,"column":null}},"type":"if","locations":[{"start":{"line":15,"column":29},"end":{"line":15,"column":null}},{"start":{},"end":{}}],"line":15},"1":{"loc":{"start":{"line":46,"column":45},"end":{"line":46,"column":null}},"type":"cond-expr","locations":[{"start":{"line":46,"column":56},"end":{"line":46,"column":76}},{"start":{"line":46,"column":76},"end":{"line":46,"column":null}}],"line":46},"2":{"loc":{"start":{"line":53,"column":45},"end":{"line":53,"column":null}},"type":"cond-expr","locations":[{"start":{"line":53,"column":56},"end":{"line":53,"column":76}},{"start":{"line":53,"column":76},"end":{"line":53,"column":null}}],"line":53},"3":{"loc":{"start":{"line":60,"column":45},"end":{"line":60,"column":null}},"type":"cond-expr","locations":[{"start":{"line":60,"column":56},"end":{"line":60,"column":76}},{"start":{"line":60,"column":76},"end":{"line":60,"column":null}}],"line":60},"4":{"loc":{"start":{"line":67,"column":45},"end":{"line":67,"column":null}},"type":"cond-expr","locations":[{"start":{"line":67,"column":56},"end":{"line":67,"column":90}},{"start":{"line":67,"column":90},"end":{"line":67,"column":null}}],"line":67},"5":{"loc":{"start":{"line":85,"column":24},"end":{"line":85,"column":null}},"type":"cond-expr","locations":[{"start":{"line":85,"column":35},"end":{"line":85,"column":61}},{"start":{"line":85,"column":61},"end":{"line":85,"column":null}}],"line":85},"6":{"loc":{"start":{"line":99,"column":39},"end":{"line":99,"column":null}},"type":"cond-expr","locations":[{"start":{"line":99,"column":50},"end":{"line":99,"column":60}},{"start":{"line":99,"column":60},"end":{"line":99,"column":null}}],"line":99},"7":{"loc":{"start":{"line":104,"column":59},"end":{"line":104,"column":102}},"type":"cond-expr","locations":[{"start":{"line":104,"column":70},"end":{"line":104,"column":90}},{"start":{"line":104,"column":90},"end":{"line":104,"column":102}}],"line":104},"8":{"loc":{"start":{"line":107,"column":63},"end":{"line":107,"column":106}},"type":"cond-expr","locations":[{"start":{"line":107,"column":74},"end":{"line":107,"column":94}},{"start":{"line":107,"column":94},"end":{"line":107,"column":106}}],"line":107},"9":{"loc":{"start":{"line":110,"column":64},"end":{"line":110,"column":107}},"type":"cond-expr","locations":[{"start":{"line":110,"column":75},"end":{"line":110,"column":95}},{"start":{"line":110,"column":95},"end":{"line":110,"column":107}}],"line":110},"10":{"loc":{"start":{"line":113,"column":64},"end":{"line":113,"column":135}},"type":"cond-expr","locations":[{"start":{"line":113,"column":75},"end":{"line":113,"column":109}},{"start":{"line":113,"column":109},"end":{"line":113,"column":135}}],"line":113}},"s":{"0":2,"1":12,"2":12,"3":9,"4":0,"5":0,"6":9,"7":9,"8":9,"9":12,"10":0,"11":12,"12":12,"13":12,"14":12,"15":12,"16":3,"17":3,"18":12,"19":12,"20":12,"21":12},"f":{"0":12,"1":9,"2":0,"3":9,"4":0,"5":12,"6":12,"7":12,"8":12,"9":3,"10":3,"11":12,"12":12,"13":12,"14":12},"b":{"0":[0,0],"1":[12,0],"2":[0,12],"3":[0,12],"4":[0,12],"5":[2,10],"6":[2,10],"7":[12,0],"8":[0,12],"9":[0,12],"10":[0,12]},"meta":{"lastBranch":11,"lastFunction":15,"lastStatement":22,"seen":{"s:11:6:125:Infinity":0,"f:11:6:11:21":0,"s:12:19:12:49":1,"s:14:2:18:Infinity":2,"f:14:2:14:18":1,"s:15:10:15:Infinity":3,"f:15:10:15:27":2,"b:15:29:15:Infinity:undefined:undefined:undefined:undefined":0,"s:15:29:15:Infinity":4,"s:15:58:15:Infinity":5,"s:16:4:16:Infinity":6,"s:17:4:17:Infinity":7,"f:17:4:17:17":3,"s:17:17:17:63":8,"s:20:8:20:44":9,"f:20:8:20:26":4,"s:20:26:20:44":10,"s:22:2:125:Infinity":11,"f:46:16:46:28":5,"s:46:45:46:Infinity":12,"b:46:56:46:76:46:76:46:Infinity":1,"f:53:16:53:28":6,"s:53:45:53:Infinity":13,"b:53:56:53:76:53:76:53:Infinity":2,"f:60:16:60:28":7,"s:60:45:60:Infinity":14,"b:60:56:60:76:60:76:60:Infinity":3,"f:67:16:67:28":8,"s:67:45:67:Infinity":15,"b:67:56:67:90:67:90:67:Infinity":4,"b:85:35:85:61:85:61:85:Infinity":5,"f:88:12:88:27":9,"s:88:27:88:53":16,"f:88:27:88:39":10,"s:88:47:88:53":17,"b:99:50:99:60:99:60:99:Infinity":6,"f:104:30:104:42":11,"s:104:59:104:102":18,"b:104:70:104:90:104:90:104:102":7,"f:107:34:107:46":12,"s:107:63:107:106":19,"b:107:74:107:94:107:94:107:106":8,"f:110:35:110:47":13,"s:110:64:110:107":20,"b:110:75:110:95:110:95:110:107":9,"f:113:35:113:47":14,"s:113:64:113:135":21,"b:113:75:113:109:113:109:113:135":10}}}
,"C:\\Users\\reetu\\Desktop\\Election_Process_Communication\\src\\pages\\Assistant.jsx": {"path":"C:\\Users\\reetu\\Desktop\\Election_Process_Communication\\src\\pages\\Assistant.jsx","statementMap":{"0":{"start":{"line":9,"column":2},"end":{"line":12,"column":null}},"1":{"start":{"line":22,"column":6},"end":{"line":216,"column":null}},"2":{"start":{"line":23,"column":19},"end":{"line":29,"column":4}},"3":{"start":{"line":30,"column":16},"end":{"line":30,"column":40}},"4":{"start":{"line":31,"column":17},"end":{"line":31,"column":81}},"5":{"start":{"line":32,"column":20},"end":{"line":32,"column":51}},"6":{"start":{"line":33,"column":16},"end":{"line":33,"column":40}},"7":{"start":{"line":34,"column":8},"end":{"line":34,"column":37}},"8":{"start":{"line":35,"column":8},"end":{"line":35,"column":31}},"9":{"start":{"line":37,"column":8},"end":{"line":38,"column":null}},"10":{"start":{"line":38,"column":4},"end":{"line":38,"column":null}},"11":{"start":{"line":41,"column":2},"end":{"line":43,"column":null}},"12":{"start":{"line":42,"column":4},"end":{"line":42,"column":null}},"13":{"start":{"line":45,"column":21},"end":{"line":100,"column":null}},"14":{"start":{"line":46,"column":4},"end":{"line":46,"column":null}},"15":{"start":{"line":47,"column":20},"end":{"line":47,"column":32}},"16":{"start":{"line":48,"column":4},"end":{"line":48,"column":null}},"17":{"start":{"line":48,"column":18},"end":{"line":48,"column":null}},"18":{"start":{"line":50,"column":4},"end":{"line":52,"column":null}},"19":{"start":{"line":51,"column":6},"end":{"line":51,"column":null}},"20":{"start":{"line":52,"column":6},"end":{"line":52,"column":null}},"21":{"start":{"line":55,"column":24},"end":{"line":55,"column":null}},"22":{"start":{"line":56,"column":4},"end":{"line":56,"column":null}},"23":{"start":{"line":57,"column":4},"end":{"line":57,"column":null}},"24":{"start":{"line":58,"column":4},"end":{"line":58,"column":null}},"25":{"start":{"line":58,"column":24},"end":{"line":58,"column":73}},"26":{"start":{"line":59,"column":4},"end":{"line":59,"column":null}},"27":{"start":{"line":61,"column":4},"end":{"line":100,"column":null}},"28":{"start":{"line":62,"column":20},"end":{"line":62,"column":57}},"29":{"start":{"line":63,"column":20},"end":{"line":69,"column":8}},"30":{"start":{"line":71,"column":21},"end":{"line":71,"column":61}},"31":{"start":{"line":72,"column":23},"end":{"line":72,"column":null}},"32":{"start":{"line":73,"column":19},"end":{"line":73,"column":34}},"33":{"start":{"line":76,"column":28},"end":{"line":79,"column":32}},"34":{"start":{"line":81,"column":24},"end":{"line":84,"column":8}},"35":{"start":{"line":86,"column":6},"end":{"line":86,"column":null}},"36":{"start":{"line":86,"column":26},"end":{"line":86,"column":88}},"37":{"start":{"line":90,"column":8},"end":{"line":92,"column":null}},"38":{"start":{"line":93,"column":6},"end":{"line":93,"column":null}},"39":{"start":{"line":94,"column":6},"end":{"line":97,"column":null}},"40":{"start":{"line":94,"column":26},"end":{"line":96,"column":null}},"41":{"start":{"line":99,"column":6},"end":{"line":99,"column":null}},"42":{"start":{"line":100,"column":6},"end":{"line":100,"column":null}},"43":{"start":{"line":104,"column":2},"end":{"line":216,"column":null}},"44":{"start":{"line":120,"column":25},"end":{"line":120,"column":50}},"45":{"start":{"line":144,"column":12},"end":{"line":163,"column":null}},"46":{"start":{"line":201,"column":27},"end":{"line":201,"column":51}}},"fnMap":{"0":{"name":"(anonymous_0)","decl":{"start":{"line":22,"column":6},"end":{"line":22,"column":24}},"loc":{"start":{"line":22,"column":24},"end":{"line":216,"column":null}},"line":22},"1":{"name":"(anonymous_1)","decl":{"start":{"line":37,"column":8},"end":{"line":37,"column":31}},"loc":{"start":{"line":37,"column":31},"end":{"line":38,"column":null}},"line":37},"2":{"name":"(anonymous_2)","decl":{"start":{"line":41,"column":2},"end":{"line":41,"column":18}},"loc":{"start":{"line":41,"column":18},"end":{"line":43,"column":6}},"line":41},"3":{"name":"(anonymous_3)","decl":{"start":{"line":45,"column":21},"end":{"line":45,"column":27}},"loc":{"start":{"line":45,"column":32},"end":{"line":100,"column":null}},"line":45},"4":{"name":"(anonymous_4)","decl":{"start":{"line":58,"column":4},"end":{"line":58,"column":16}},"loc":{"start":{"line":58,"column":24},"end":{"line":58,"column":73}},"line":58},"5":{"name":"(anonymous_5)","decl":{"start":{"line":86,"column":6},"end":{"line":86,"column":18}},"loc":{"start":{"line":86,"column":26},"end":{"line":86,"column":88}},"line":86},"6":{"name":"(anonymous_6)","decl":{"start":{"line":94,"column":6},"end":{"line":94,"column":18}},"loc":{"start":{"line":94,"column":26},"end":{"line":96,"column":null}},"line":94},"7":{"name":"(anonymous_7)","decl":{"start":{"line":120,"column":10},"end":{"line":120,"column":20}},"loc":{"start":{"line":120,"column":25},"end":{"line":120,"column":50}},"line":120},"8":{"name":"(anonymous_8)","decl":{"start":{"line":143,"column":20},"end":{"line":143,"column":25}},"loc":{"start":{"line":144,"column":12},"end":{"line":163,"column":null}},"line":144},"9":{"name":"(anonymous_9)","decl":{"start":{"line":201,"column":12},"end":{"line":201,"column":22}},"loc":{"start":{"line":201,"column":27},"end":{"line":201,"column":51}},"line":201}},"branchMap":{"0":{"loc":{"start":{"line":31,"column":39},"end":{"line":31,"column":81}},"type":"binary-expr","locations":[{"start":{"line":31,"column":39},"end":{"line":31,"column":78}},{"start":{"line":31,"column":78},"end":{"line":31,"column":81}}],"line":31},"1":{"loc":{"start":{"line":48,"column":4},"end":{"line":48,"column":null}},"type":"if","locations":[{"start":{"line":48,"column":4},"end":{"line":48,"column":null}},{"start":{},"end":{}}],"line":48},"2":{"loc":{"start":{"line":50,"column":4},"end":{"line":52,"column":null}},"type":"if","locations":[{"start":{"line":50,"column":4},"end":{"line":52,"column":null}},{"start":{},"end":{}}],"line":50},"3":{"loc":{"start":{"line":90,"column":8},"end":{"line":92,"column":null}},"type":"cond-expr","locations":[{"start":{"line":91,"column":12},"end":{"line":91,"column":null}},{"start":{"line":92,"column":12},"end":{"line":92,"column":null}}],"line":90},"4":{"loc":{"start":{"line":90,"column":8},"end":{"line":90,"column":81}},"type":"binary-expr","locations":[{"start":{"line":90,"column":8},"end":{"line":90,"column":49}},{"start":{"line":90,"column":53},"end":{"line":90,"column":81}}],"line":90},"5":{"loc":{"start":{"line":151,"column":26},"end":{"line":151,"column":null}},"type":"cond-expr","locations":[{"start":{"line":151,"column":49},"end":{"line":151,"column":70}},{"start":{"line":151,"column":70},"end":{"line":151,"column":null}}],"line":151},"6":{"loc":{"start":{"line":154,"column":17},"end":{"line":154,"column":null}},"type":"cond-expr","locations":[{"start":{"line":154,"column":40},"end":{"line":154,"column":55}},{"start":{"line":154,"column":54},"end":{"line":154,"column":null}}],"line":154},"7":{"loc":{"start":{"line":157,"column":17},"end":{"line":160,"column":null}},"type":"cond-expr","locations":[{"start":{"line":158,"column":18},"end":{"line":160,"column":22}},{"start":{"line":160,"column":18},"end":{"line":160,"column":null}}],"line":157},"8":{"loc":{"start":{"line":166,"column":11},"end":{"line":178,"column":null}},"type":"binary-expr","locations":[{"start":{"line":166,"column":11},"end":{"line":166,"column":null}},{"start":{"line":167,"column":12},"end":{"line":178,"column":null}}],"line":166},"9":{"loc":{"start":{"line":183,"column":11},"end":{"line":186,"column":null}},"type":"binary-expr","locations":[{"start":{"line":183,"column":11},"end":{"line":183,"column":null}},{"start":{"line":184,"column":12},"end":{"line":186,"column":null}}],"line":183},"10":{"loc":{"start":{"line":212,"column":22},"end":{"line":212,"column":48}},"type":"binary-expr","locations":[{"start":{"line":212,"column":22},"end":{"line":212,"column":35}},{"start":{"line":212,"column":35},"end":{"line":212,"column":48}}],"line":212}},"s":{"0":1,"1":1,"2":16,"3":16,"4":16,"5":16,"6":16,"7":16,"8":16,"9":16,"10":13,"11":16,"12":13,"13":16,"14":1,"15":1,"16":1,"17":0,"18":1,"19":0,"20":0,"21":1,"22":1,"23":1,"24":1,"25":1,"26":1,"27":1,"28":1,"29":1,"30":1,"31":0,"32":0,"33":0,"34":0,"35":0,"36":0,"37":1,"38":1,"39":1,"40":1,"41":1,"42":1,"43":16,"44":1,"45":18,"46":2},"f":{"0":16,"1":13,"2":13,"3":1,"4":1,"5":0,"6":1,"7":1,"8":18,"9":2},"b":{"0":[16,0],"1":[0,1],"2":[0,1],"3":[0,1],"4":[1,1],"5":[17,1],"6":[17,1],"7":[0,18],"8":[16,0],"9":[16,1],"10":[16,16]},"meta":{"lastBranch":11,"lastFunction":10,"lastStatement":47,"seen":{"s:9:2:12:Infinity":0,"s:22:6:216:Infinity":1,"f:22:6:22:24":0,"s:23:19:29:4":2,"s:30:16:30:40":3,"s:31:17:31:81":4,"b:31:39:31:78:31:78:31:81":0,"s:32:20:32:51":5,"s:33:16:33:40":6,"s:34:8:34:37":7,"s:35:8:35:31":8,"s:37:8:38:Infinity":9,"f:37:8:37:31":1,"s:38:4:38:Infinity":10,"s:41:2:43:Infinity":11,"f:41:2:41:18":2,"s:42:4:42:Infinity":12,"s:45:21:100:Infinity":13,"f:45:21:45:27":3,"s:46:4:46:Infinity":14,"s:47:20:47:32":15,"b:48:4:48:Infinity:undefined:undefined:undefined:undefined":1,"s:48:4:48:Infinity":16,"s:48:18:48:Infinity":17,"b:50:4:52:Infinity:undefined:undefined:undefined:undefined":2,"s:50:4:52:Infinity":18,"s:51:6:51:Infinity":19,"s:52:6:52:Infinity":20,"s:55:24:55:Infinity":21,"s:56:4:56:Infinity":22,"s:57:4:57:Infinity":23,"s:58:4:58:Infinity":24,"f:58:4:58:16":4,"s:58:24:58:73":25,"s:59:4:59:Infinity":26,"s:61:4:100:Infinity":27,"s:62:20:62:57":28,"s:63:20:69:8":29,"s:71:21:71:61":30,"s:72:23:72:Infinity":31,"s:73:19:73:34":32,"s:76:28:79:32":33,"s:81:24:84:8":34,"s:86:6:86:Infinity":35,"f:86:6:86:18":5,"s:86:26:86:88":36,"s:90:8:92:Infinity":37,"b:91:12:91:Infinity:92:12:92:Infinity":3,"b:90:8:90:49:90:53:90:81":4,"s:93:6:93:Infinity":38,"s:94:6:97:Infinity":39,"f:94:6:94:18":6,"s:94:26:96:Infinity":40,"s:99:6:99:Infinity":41,"s:100:6:100:Infinity":42,"s:104:2:216:Infinity":43,"f:120:10:120:20":7,"s:120:25:120:50":44,"f:143:20:143:25":8,"s:144:12:163:Infinity":45,"b:151:49:151:70:151:70:151:Infinity":5,"b:154:40:154:55:154:54:154:Infinity":6,"b:158:18:160:22:160:18:160:Infinity":7,"b:166:11:166:Infinity:167:12:178:Infinity":8,"b:183:11:183:Infinity:184:12:186:Infinity":9,"f:201:12:201:22":9,"s:201:27:201:51":46,"b:212:22:212:35:212:35:212:48":10}}}
,"C:\\Users\\reetu\\Desktop\\Election_Process_Communication\\src\\pages\\Home.jsx": {"path":"C:\\Users\\reetu\\Desktop\\Election_Process_Communication\\src\\pages\\Home.jsx","statementMap":{"0":{"start":{"line":14,"column":26},"end":{"line":14,"column":null}},"1":{"start":{"line":16,"column":26},"end":{"line":19,"column":null}},"2":{"start":{"line":21,"column":21},"end":{"line":24,"column":null}},"3":{"start":{"line":26,"column":28},"end":{"line":76,"column":null}},"4":{"start":{"line":86,"column":6},"end":{"line":511,"column":null}},"5":{"start":{"line":87,"column":8},"end":{"line":87,"column":32}},"6":{"start":{"line":88,"column":10},"end":{"line":88,"column":41}},"7":{"start":{"line":89,"column":8},"end":{"line":89,"column":31}},"8":{"start":{"line":91,"column":8},"end":{"line":91,"column":65}},"9":{"start":{"line":92,"column":8},"end":{"line":92,"column":83}},"10":{"start":{"line":93,"column":8},"end":{"line":93,"column":71}},"11":{"start":{"line":94,"column":8},"end":{"line":94,"column":77}},"12":{"start":{"line":95,"column":8},"end":{"line":95,"column":76}},"13":{"start":{"line":97,"column":2},"end":{"line":511,"column":null}},"14":{"start":{"line":157,"column":32},"end":{"line":157,"column":null}},"15":{"start":{"line":206,"column":32},"end":{"line":206,"column":null}},"16":{"start":{"line":221,"column":29},"end":{"line":221,"column":51}},"17":{"start":{"line":224,"column":30},"end":{"line":224,"column":73}},"18":{"start":{"line":258,"column":29},"end":{"line":258,"column":50}},"19":{"start":{"line":261,"column":30},"end":{"line":261,"column":72}},"20":{"start":{"line":292,"column":32},"end":{"line":292,"column":null}},"21":{"start":{"line":325,"column":32},"end":{"line":325,"column":null}},"22":{"start":{"line":340,"column":29},"end":{"line":340,"column":51}},"23":{"start":{"line":343,"column":30},"end":{"line":343,"column":73}},"24":{"start":{"line":385,"column":14},"end":{"line":410,"column":null}},"25":{"start":{"line":445,"column":32},"end":{"line":445,"column":null}},"26":{"start":{"line":464,"column":14},"end":{"line":469,"column":null}},"27":{"start":{"line":494,"column":30},"end":{"line":494,"column":null}},"28":{"start":{"line":509,"column":30},"end":{"line":509,"column":null}}},"fnMap":{"0":{"name":"(anonymous_0)","decl":{"start":{"line":86,"column":6},"end":{"line":86,"column":19}},"loc":{"start":{"line":86,"column":19},"end":{"line":511,"column":null}},"line":86},"1":{"name":"(anonymous_1)","decl":{"start":{"line":157,"column":16},"end":{"line":157,"column":25}},"loc":{"start":{"line":157,"column":30},"end":{"line":157,"column":null}},"line":157},"2":{"name":"(anonymous_2)","decl":{"start":{"line":206,"column":16},"end":{"line":206,"column":25}},"loc":{"start":{"line":206,"column":30},"end":{"line":206,"column":null}},"line":206},"3":{"name":"(anonymous_3)","decl":{"start":{"line":221,"column":14},"end":{"line":221,"column":29}},"loc":{"start":{"line":221,"column":29},"end":{"line":221,"column":51}},"line":221},"4":{"name":"(anonymous_4)","decl":{"start":{"line":224,"column":14},"end":{"line":224,"column":25}},"loc":{"start":{"line":224,"column":30},"end":{"line":224,"column":73}},"line":224},"5":{"name":"(anonymous_5)","decl":{"start":{"line":258,"column":14},"end":{"line":258,"column":29}},"loc":{"start":{"line":258,"column":29},"end":{"line":258,"column":50}},"line":258},"6":{"name":"(anonymous_6)","decl":{"start":{"line":261,"column":14},"end":{"line":261,"column":25}},"loc":{"start":{"line":261,"column":30},"end":{"line":261,"column":72}},"line":261},"7":{"name":"(anonymous_7)","decl":{"start":{"line":292,"column":16},"end":{"line":292,"column":25}},"loc":{"start":{"line":292,"column":30},"end":{"line":292,"column":null}},"line":292},"8":{"name":"(anonymous_8)","decl":{"start":{"line":325,"column":16},"end":{"line":325,"column":25}},"loc":{"start":{"line":325,"column":30},"end":{"line":325,"column":null}},"line":325},"9":{"name":"(anonymous_9)","decl":{"start":{"line":340,"column":14},"end":{"line":340,"column":29}},"loc":{"start":{"line":340,"column":29},"end":{"line":340,"column":51}},"line":340},"10":{"name":"(anonymous_10)","decl":{"start":{"line":343,"column":14},"end":{"line":343,"column":25}},"loc":{"start":{"line":343,"column":30},"end":{"line":343,"column":73}},"line":343},"11":{"name":"(anonymous_11)","decl":{"start":{"line":384,"column":33},"end":{"line":384,"column":38}},"loc":{"start":{"line":385,"column":14},"end":{"line":410,"column":null}},"line":385},"12":{"name":"(anonymous_12)","decl":{"start":{"line":445,"column":16},"end":{"line":445,"column":25}},"loc":{"start":{"line":445,"column":30},"end":{"line":445,"column":null}},"line":445},"13":{"name":"(anonymous_13)","decl":{"start":{"line":463,"column":14},"end":{"line":463,"column":18}},"loc":{"start":{"line":464,"column":14},"end":{"line":469,"column":null}},"line":464},"14":{"name":"(anonymous_14)","decl":{"start":{"line":494,"column":14},"end":{"line":494,"column":23}},"loc":{"start":{"line":494,"column":28},"end":{"line":494,"column":null}},"line":494},"15":{"name":"(anonymous_15)","decl":{"start":{"line":509,"column":14},"end":{"line":509,"column":23}},"loc":{"start":{"line":509,"column":28},"end":{"line":509,"column":null}},"line":509}},"branchMap":{"0":{"loc":{"start":{"line":224,"column":30},"end":{"line":224,"column":73}},"type":"binary-expr","locations":[{"start":{"line":224,"column":30},"end":{"line":224,"column":51}},{"start":{"line":224,"column":51},"end":{"line":224,"column":73}}],"line":224},"1":{"loc":{"start":{"line":261,"column":30},"end":{"line":261,"column":72}},"type":"binary-expr","locations":[{"start":{"line":261,"column":30},"end":{"line":261,"column":51}},{"start":{"line":261,"column":51},"end":{"line":261,"column":72}}],"line":261},"2":{"loc":{"start":{"line":343,"column":30},"end":{"line":343,"column":73}},"type":"binary-expr","locations":[{"start":{"line":343,"column":30},"end":{"line":343,"column":51}},{"start":{"line":343,"column":51},"end":{"line":343,"column":73}}],"line":343},"3":{"loc":{"start":{"line":390,"column":42},"end":{"line":390,"column":74}},"type":"cond-expr","locations":[{"start":{"line":390,"column":64},"end":{"line":390,"column":70}},{"start":{"line":390,"column":70},"end":{"line":390,"column":74}}],"line":390}},"s":{"0":1,"1":1,"2":1,"3":1,"4":1,"5":16,"6":16,"7":16,"8":16,"9":16,"10":16,"11":16,"12":16,"13":16,"14":0,"15":0,"16":0,"17":0,"18":0,"19":0,"20":0,"21":0,"22":0,"23":0,"24":112,"25":0,"26":96,"27":0,"28":0},"f":{"0":16,"1":0,"2":0,"3":0,"4":0,"5":0,"6":0,"7":0,"8":0,"9":0,"10":0,"11":112,"12":0,"13":96,"14":0,"15":0},"b":{"0":[0,0],"1":[0,0],"2":[0,0],"3":[64,48]},"meta":{"lastBranch":4,"lastFunction":16,"lastStatement":29,"seen":{"s:14:26:14:Infinity":0,"s:16:26:19:Infinity":1,"s:21:21:24:Infinity":2,"s:26:28:76:Infinity":3,"s:86:6:511:Infinity":4,"f:86:6:86:19":0,"s:87:8:87:32":5,"s:88:10:88:41":6,"s:89:8:89:31":7,"s:91:8:91:65":8,"s:92:8:92:83":9,"s:93:8:93:71":10,"s:94:8:94:77":11,"s:95:8:95:76":12,"s:97:2:511:Infinity":13,"f:157:16:157:25":1,"s:157:32:157:Infinity":14,"f:206:16:206:25":2,"s:206:32:206:Infinity":15,"f:221:14:221:29":3,"s:221:29:221:51":16,"f:224:14:224:25":4,"s:224:30:224:73":17,"b:224:30:224:51:224:51:224:73":0,"f:258:14:258:29":5,"s:258:29:258:50":18,"f:261:14:261:25":6,"s:261:30:261:72":19,"b:261:30:261:51:261:51:261:72":1,"f:292:16:292:25":7,"s:292:32:292:Infinity":20,"f:325:16:325:25":8,"s:325:32:325:Infinity":21,"f:340:14:340:29":9,"s:340:29:340:51":22,"f:343:14:343:25":10,"s:343:30:343:73":23,"b:343:30:343:51:343:51:343:73":2,"f:384:33:384:38":11,"s:385:14:410:Infinity":24,"b:390:64:390:70:390:70:390:74":3,"f:445:16:445:25":12,"s:445:32:445:Infinity":25,"f:463:14:463:18":13,"s:464:14:469:Infinity":26,"f:494:14:494:23":14,"s:494:30:494:Infinity":27,"f:509:14:509:23":15,"s:509:30:509:Infinity":28}}}
,"C:\\Users\\reetu\\Desktop\\Election_Process_Communication\\src\\pages\\Resources.jsx": {"path":"C:\\Users\\reetu\\Desktop\\Election_Process_Communication\\src\\pages\\Resources.jsx","statementMap":{"0":{"start":{"line":11,"column":15},"end":{"line":100,"column":null}},"1":{"start":{"line":103,"column":6},"end":{"line":121,"column":null}},"2":{"start":{"line":104,"column":12},"end":{"line":104,"column":null}},"3":{"start":{"line":105,"column":15},"end":{"line":105,"column":null}},"4":{"start":{"line":106,"column":2},"end":{"line":121,"column":null}},"5":{"start":{"line":126,"column":0},"end":{"line":130,"column":null}},"6":{"start":{"line":133,"column":6},"end":{"line":147,"column":null}},"7":{"start":{"line":134,"column":2},"end":{"line":147,"column":null}},"8":{"start":{"line":151,"column":0},"end":{"line":157,"column":null}},"9":{"start":{"line":163,"column":6},"end":{"line":341,"column":null}},"10":{"start":{"line":164,"column":19},"end":{"line":164,"column":54}},"11":{"start":{"line":165,"column":18},"end":{"line":165,"column":44}},"12":{"start":{"line":167,"column":17},"end":{"line":167,"column":52}},"13":{"start":{"line":167,"column":34},"end":{"line":167,"column":52}},"14":{"start":{"line":169,"column":8},"end":{"line":171,"column":null}},"15":{"start":{"line":170,"column":16},"end":{"line":170,"column":null}},"16":{"start":{"line":171,"column":4},"end":{"line":171,"column":null}},"17":{"start":{"line":171,"column":24},"end":{"line":171,"column":56}},"18":{"start":{"line":174,"column":8},"end":{"line":175,"column":null}},"19":{"start":{"line":175,"column":4},"end":{"line":175,"column":null}},"20":{"start":{"line":175,"column":51},"end":{"line":175,"column":78}},"21":{"start":{"line":178,"column":2},"end":{"line":341,"column":null}},"22":{"start":{"line":198,"column":29},"end":{"line":198,"column":null}},"23":{"start":{"line":199,"column":25},"end":{"line":199,"column":66}},"24":{"start":{"line":200,"column":24},"end":{"line":200,"column":73}},"25":{"start":{"line":202,"column":12},"end":{"line":247,"column":null}},"26":{"start":{"line":210,"column":31},"end":{"line":210,"column":52}},"27":{"start":{"line":283,"column":34},"end":{"line":283,"column":null}},"28":{"start":{"line":284,"column":35},"end":{"line":284,"column":null}},"29":{"start":{"line":285,"column":22},"end":{"line":304,"column":null}},"30":{"start":{"line":296,"column":43},"end":{"line":296,"column":70}},"31":{"start":{"line":316,"column":22},"end":{"line":316,"column":null}}},"fnMap":{"0":{"name":"(anonymous_0)","decl":{"start":{"line":103,"column":6},"end":{"line":103,"column":20}},"loc":{"start":{"line":103,"column":46},"end":{"line":121,"column":null}},"line":103},"1":{"name":"(anonymous_1)","decl":{"start":{"line":133,"column":6},"end":{"line":133,"column":17}},"loc":{"start":{"line":134,"column":2},"end":{"line":147,"column":null}},"line":134},"2":{"name":"(anonymous_2)","decl":{"start":{"line":163,"column":6},"end":{"line":163,"column":24}},"loc":{"start":{"line":163,"column":24},"end":{"line":341,"column":null}},"line":163},"3":{"name":"(anonymous_3)","decl":{"start":{"line":167,"column":24},"end":{"line":167,"column":29}},"loc":{"start":{"line":167,"column":34},"end":{"line":167,"column":52}},"line":167},"4":{"name":"(anonymous_4)","decl":{"start":{"line":169,"column":8},"end":{"line":169,"column":23}},"loc":{"start":{"line":169,"column":40},"end":{"line":171,"column":null}},"line":169},"5":{"name":"(anonymous_5)","decl":{"start":{"line":171,"column":4},"end":{"line":171,"column":15}},"loc":{"start":{"line":171,"column":24},"end":{"line":171,"column":56}},"line":171},"6":{"name":"(anonymous_6)","decl":{"start":{"line":174,"column":8},"end":{"line":174,"column":19}},"loc":{"start":{"line":174,"column":38},"end":{"line":175,"column":null}},"line":174},"7":{"name":"(anonymous_7)","decl":{"start":{"line":175,"column":39},"end":{"line":175,"column":42}},"loc":{"start":{"line":175,"column":51},"end":{"line":175,"column":78}},"line":175},"8":{"name":"(anonymous_8)","decl":{"start":{"line":197,"column":18},"end":{"line":197,"column":23}},"loc":{"start":{"line":197,"column":40},"end":{"line":247,"column":null}},"line":197},"9":{"name":"(anonymous_9)","decl":{"start":{"line":210,"column":16},"end":{"line":210,"column":31}},"loc":{"start":{"line":210,"column":31},"end":{"line":210,"column":52}},"line":210},"10":{"name":"(anonymous_10)","decl":{"start":{"line":282,"column":38},"end":{"line":282,"column":43}},"loc":{"start":{"line":282,"column":57},"end":{"line":304,"column":null}},"line":282},"11":{"name":"(anonymous_11)","decl":{"start":{"line":296,"column":28},"end":{"line":296,"column":43}},"loc":{"start":{"line":296,"column":43},"end":{"line":296,"column":70}},"line":296},"12":{"name":"(anonymous_12)","decl":{"start":{"line":315,"column":34},"end":{"line":315,"column":39}},"loc":{"start":{"line":316,"column":22},"end":{"line":316,"column":null}},"line":316}},"branchMap":{"0":{"loc":{"start":{"line":205,"column":44},"end":{"line":205,"column":null}},"type":"cond-expr","locations":[{"start":{"line":205,"column":55},"end":{"line":205,"column":66}},{"start":{"line":205,"column":66},"end":{"line":205,"column":null}}],"line":205},"1":{"loc":{"start":{"line":218,"column":33},"end":{"line":218,"column":51}},"type":"cond-expr","locations":[{"start":{"line":218,"column":44},"end":{"line":218,"column":48}},{"start":{"line":218,"column":48},"end":{"line":218,"column":51}}],"line":218},"2":{"loc":{"start":{"line":221,"column":68},"end":{"line":221,"column":108}},"type":"cond-expr","locations":[{"start":{"line":221,"column":79},"end":{"line":221,"column":88}},{"start":{"line":221,"column":88},"end":{"line":221,"column":108}}],"line":221},"3":{"loc":{"start":{"line":235,"column":30},"end":{"line":235,"column":null}},"type":"cond-expr","locations":[{"start":{"line":235,"column":41},"end":{"line":235,"column":50}},{"start":{"line":235,"column":50},"end":{"line":235,"column":null}}],"line":235},"4":{"loc":{"start":{"line":244,"column":28},"end":{"line":244,"column":62}},"type":"cond-expr","locations":[{"start":{"line":244,"column":39},"end":{"line":244,"column":48}},{"start":{"line":244,"column":48},"end":{"line":244,"column":62}}],"line":244},"5":{"loc":{"start":{"line":288,"column":55},"end":{"line":288,"column":null}},"type":"cond-expr","locations":[{"start":{"line":288,"column":62},"end":{"line":288,"column":71}},{"start":{"line":288,"column":71},"end":{"line":288,"column":null}}],"line":288},"6":{"loc":{"start":{"line":297,"column":40},"end":{"line":297,"column":null}},"type":"cond-expr","locations":[{"start":{"line":297,"column":47},"end":{"line":297,"column":68}},{"start":{"line":297,"column":68},"end":{"line":297,"column":null}}],"line":297},"7":{"loc":{"start":{"line":299,"column":44},"end":{"line":299,"column":77}},"type":"cond-expr","locations":[{"start":{"line":299,"column":51},"end":{"line":299,"column":66}},{"start":{"line":299,"column":66},"end":{"line":299,"column":77}}],"line":299},"8":{"loc":{"start":{"line":301,"column":29},"end":{"line":301,"column":null}},"type":"cond-expr","locations":[{"start":{"line":301,"column":36},"end":{"line":301,"column":76}},{"start":{"line":301,"column":75},"end":{"line":301,"column":null}}],"line":301},"9":{"loc":{"start":{"line":303,"column":43},"end":{"line":303,"column":69}},"type":"cond-expr","locations":[{"start":{"line":303,"column":50},"end":{"line":303,"column":64}},{"start":{"line":303,"column":64},"end":{"line":303,"column":69}}],"line":303}},"s":{"0":1,"1":1,"2":19,"3":19,"4":19,"5":1,"6":1,"7":38,"8":1,"9":1,"10":21,"11":21,"12":21,"13":23,"14":21,"15":3,"16":3,"17":3,"18":21,"19":84,"20":420,"21":21,"22":84,"23":84,"24":84,"25":84,"26":3,"27":105,"28":105,"29":105,"30":3,"31":42},"f":{"0":19,"1":38,"2":21,"3":23,"4":3,"5":3,"6":84,"7":420,"8":84,"9":3,"10":105,"11":3,"12":42},"b":{"0":[21,63],"1":[21,63],"2":[21,63],"3":[21,63],"4":[21,63],"5":[4,101],"6":[4,101],"7":[4,101],"8":[4,101],"9":[4,101]},"meta":{"lastBranch":10,"lastFunction":13,"lastStatement":32,"seen":{"s:11:15:100:Infinity":0,"s:103:6:121:Infinity":1,"f:103:6:103:20":0,"s:104:12:104:Infinity":2,"s:105:15:105:Infinity":3,"s:106:2:121:Infinity":4,"s:126:0:130:Infinity":5,"s:133:6:147:Infinity":6,"f:133:6:133:17":1,"s:134:2:147:Infinity":7,"s:151:0:157:Infinity":8,"s:163:6:341:Infinity":9,"f:163:6:163:24":2,"s:164:19:164:54":10,"s:165:18:165:44":11,"s:167:17:167:52":12,"f:167:24:167:29":3,"s:167:34:167:52":13,"s:169:8:171:Infinity":14,"f:169:8:169:23":4,"s:170:16:170:Infinity":15,"s:171:4:171:Infinity":16,"f:171:4:171:15":5,"s:171:24:171:56":17,"s:174:8:175:Infinity":18,"f:174:8:174:19":6,"s:175:4:175:Infinity":19,"f:175:39:175:42":7,"s:175:51:175:78":20,"s:178:2:341:Infinity":21,"f:197:18:197:23":8,"s:198:29:198:Infinity":22,"s:199:25:199:66":23,"s:200:24:200:73":24,"s:202:12:247:Infinity":25,"b:205:55:205:66:205:66:205:Infinity":0,"f:210:16:210:31":9,"s:210:31:210:52":26,"b:218:44:218:48:218:48:218:51":1,"b:221:79:221:88:221:88:221:108":2,"b:235:41:235:50:235:50:235:Infinity":3,"b:244:39:244:48:244:48:244:62":4,"f:282:38:282:43":10,"s:283:34:283:Infinity":27,"s:284:35:284:Infinity":28,"s:285:22:304:Infinity":29,"b:288:62:288:71:288:71:288:Infinity":5,"f:296:28:296:43":11,"s:296:43:296:70":30,"b:297:47:297:68:297:68:297:Infinity":6,"b:299:51:299:66:299:66:299:77":7,"b:301:36:301:76:301:75:301:Infinity":8,"b:303:50:303:64:303:64:303:69":9,"f:315:34:315:39":12,"s:316:22:316:Infinity":31}}}
,"C:\\Users\\reetu\\Desktop\\Election_Process_Communication\\src\\pages\\Timeline.jsx": {"path":"C:\\Users\\reetu\\Desktop\\Election_Process_Communication\\src\\pages\\Timeline.jsx","statementMap":{"0":{"start":{"line":10,"column":21},"end":{"line":83,"column":null}},"1":{"start":{"line":89,"column":6},"end":{"line":342,"column":null}},"2":{"start":{"line":90,"column":19},"end":{"line":90,"column":48}},"3":{"start":{"line":91,"column":18},"end":{"line":91,"column":44}},"4":{"start":{"line":93,"column":8},"end":{"line":93,"column":69}},"5":{"start":{"line":93,"column":25},"end":{"line":93,"column":69}},"6":{"start":{"line":93,"column":45},"end":{"line":93,"column":69}},"7":{"start":{"line":95,"column":8},"end":{"line":97,"column":null}},"8":{"start":{"line":96,"column":16},"end":{"line":96,"column":null}},"9":{"start":{"line":97,"column":4},"end":{"line":97,"column":null}},"10":{"start":{"line":97,"column":24},"end":{"line":97,"column":56}},"11":{"start":{"line":100,"column":8},"end":{"line":102,"column":null}},"12":{"start":{"line":101,"column":17},"end":{"line":101,"column":null}},"13":{"start":{"line":101,"column":57},"end":{"line":101,"column":83}},"14":{"start":{"line":102,"column":4},"end":{"line":102,"column":null}},"15":{"start":{"line":105,"column":2},"end":{"line":342,"column":null}},"16":{"start":{"line":129,"column":43},"end":{"line":129,"column":67}},"17":{"start":{"line":138,"column":48},"end":{"line":138,"column":72}},"18":{"start":{"line":150,"column":27},"end":{"line":150,"column":null}},"19":{"start":{"line":151,"column":27},"end":{"line":151,"column":70}},"20":{"start":{"line":153,"column":10},"end":{"line":298,"column":null}},"21":{"start":{"line":216,"column":33},"end":{"line":216,"column":48}},"22":{"start":{"line":248,"column":40},"end":{"line":248,"column":null}},"23":{"start":{"line":249,"column":41},"end":{"line":249,"column":null}},"24":{"start":{"line":250,"column":28},"end":{"line":272,"column":null}},"25":{"start":{"line":261,"column":49},"end":{"line":261,"column":74}}},"fnMap":{"0":{"name":"(anonymous_0)","decl":{"start":{"line":89,"column":6},"end":{"line":89,"column":23}},"loc":{"start":{"line":89,"column":23},"end":{"line":342,"column":null}},"line":89},"1":{"name":"(anonymous_1)","decl":{"start":{"line":93,"column":8},"end":{"line":93,"column":18}},"loc":{"start":{"line":93,"column":25},"end":{"line":93,"column":69}},"line":93},"2":{"name":"(anonymous_2)","decl":{"start":{"line":93,"column":25},"end":{"line":93,"column":37}},"loc":{"start":{"line":93,"column":45},"end":{"line":93,"column":69}},"line":93},"3":{"name":"(anonymous_3)","decl":{"start":{"line":95,"column":8},"end":{"line":95,"column":23}},"loc":{"start":{"line":95,"column":39},"end":{"line":97,"column":null}},"line":95},"4":{"name":"(anonymous_4)","decl":{"start":{"line":97,"column":4},"end":{"line":97,"column":15}},"loc":{"start":{"line":97,"column":24},"end":{"line":97,"column":56}},"line":97},"5":{"name":"(anonymous_5)","decl":{"start":{"line":100,"column":8},"end":{"line":100,"column":23}},"loc":{"start":{"line":100,"column":41},"end":{"line":102,"column":null}},"line":100},"6":{"name":"(anonymous_6)","decl":{"start":{"line":101,"column":45},"end":{"line":101,"column":48}},"loc":{"start":{"line":101,"column":57},"end":{"line":101,"column":83}},"line":101},"7":{"name":"(anonymous_7)","decl":{"start":{"line":129,"column":26},"end":{"line":129,"column":34}},"loc":{"start":{"line":129,"column":43},"end":{"line":129,"column":67}},"line":129},"8":{"name":"(anonymous_8)","decl":{"start":{"line":138,"column":31},"end":{"line":138,"column":39}},"loc":{"start":{"line":138,"column":48},"end":{"line":138,"column":72}},"line":138},"9":{"name":"(anonymous_9)","decl":{"start":{"line":149,"column":22},"end":{"line":149,"column":27}},"loc":{"start":{"line":149,"column":43},"end":{"line":300,"column":null}},"line":149},"10":{"name":"(anonymous_10)","decl":{"start":{"line":216,"column":18},"end":{"line":216,"column":33}},"loc":{"start":{"line":216,"column":33},"end":{"line":216,"column":48}},"line":216},"11":{"name":"(anonymous_11)","decl":{"start":{"line":247,"column":42},"end":{"line":247,"column":47}},"loc":{"start":{"line":247,"column":61},"end":{"line":272,"column":null}},"line":247},"12":{"name":"(anonymous_12)","decl":{"start":{"line":261,"column":34},"end":{"line":261,"column":49}},"loc":{"start":{"line":261,"column":49},"end":{"line":261,"column":74}},"line":261}},"branchMap":{"0":{"loc":{"start":{"line":93,"column":45},"end":{"line":93,"column":69}},"type":"cond-expr","locations":[{"start":{"line":93,"column":59},"end":{"line":93,"column":66}},{"start":{"line":93,"column":66},"end":{"line":93,"column":69}}],"line":93},"1":{"loc":{"start":{"line":156,"column":42},"end":{"line":156,"column":77}},"type":"cond-expr","locations":[{"start":{"line":156,"column":60},"end":{"line":156,"column":69}},{"start":{"line":156,"column":69},"end":{"line":156,"column":77}}],"line":156},"2":{"loc":{"start":{"line":156,"column":80},"end":{"line":156,"column":null}},"type":"cond-expr","locations":[{"start":{"line":156,"column":91},"end":{"line":156,"column":105}},{"start":{"line":156,"column":105},"end":{"line":156,"column":null}}],"line":156},"3":{"loc":{"start":{"line":157,"column":40},"end":{"line":157,"column":68}},"type":"cond-expr","locations":[{"start":{"line":157,"column":58},"end":{"line":157,"column":64}},{"start":{"line":157,"column":64},"end":{"line":157,"column":68}}],"line":157},"4":{"loc":{"start":{"line":168,"column":25},"end":{"line":168,"column":108}},"type":"cond-expr","locations":[{"start":{"line":168,"column":36},"end":{"line":168,"column":96}},{"start":{"line":168,"column":96},"end":{"line":168,"column":108}}],"line":168},"5":{"loc":{"start":{"line":191,"column":19},"end":{"line":193,"column":null}},"type":"binary-expr","locations":[{"start":{"line":191,"column":19},"end":{"line":191,"column":null}},{"start":{"line":192,"column":20},"end":{"line":193,"column":null}}],"line":191},"6":{"loc":{"start":{"line":221,"column":25},"end":{"line":221,"column":84}},"type":"cond-expr","locations":[{"start":{"line":221,"column":36},"end":{"line":221,"column":53}},{"start":{"line":221,"column":53},"end":{"line":221,"column":84}}],"line":221},"7":{"loc":{"start":{"line":223,"column":39},"end":{"line":223,"column":59}},"type":"cond-expr","locations":[{"start":{"line":223,"column":50},"end":{"line":223,"column":56}},{"start":{"line":223,"column":56},"end":{"line":223,"column":59}}],"line":223},"8":{"loc":{"start":{"line":233,"column":19},"end":{"line":294,"column":null}},"type":"binary-expr","locations":[{"start":{"line":233,"column":19},"end":{"line":233,"column":null}},{"start":{"line":234,"column":20},"end":{"line":294,"column":null}}],"line":233},"9":{"loc":{"start":{"line":253,"column":60},"end":{"line":253,"column":null}},"type":"cond-expr","locations":[{"start":{"line":253,"column":67},"end":{"line":253,"column":76}},{"start":{"line":253,"column":76},"end":{"line":253,"column":null}}],"line":253},"10":{"loc":{"start":{"line":262,"column":46},"end":{"line":262,"column":null}},"type":"cond-expr","locations":[{"start":{"line":262,"column":53},"end":{"line":262,"column":74}},{"start":{"line":262,"column":74},"end":{"line":262,"column":null}}],"line":262},"11":{"loc":{"start":{"line":264,"column":50},"end":{"line":264,"column":81}},"type":"cond-expr","locations":[{"start":{"line":264,"column":57},"end":{"line":264,"column":70}},{"start":{"line":264,"column":70},"end":{"line":264,"column":81}}],"line":264},"12":{"loc":{"start":{"line":266,"column":35},"end":{"line":268,"column":null}},"type":"cond-expr","locations":[{"start":{"line":267,"column":38},"end":{"line":268,"column":39}},{"start":{"line":268,"column":38},"end":{"line":268,"column":null}}],"line":266},"13":{"loc":{"start":{"line":271,"column":49},"end":{"line":271,"column":78}},"type":"cond-expr","locations":[{"start":{"line":271,"column":56},"end":{"line":271,"column":73}},{"start":{"line":271,"column":73},"end":{"line":271,"column":78}}],"line":271}},"s":{"0":1,"1":1,"2":23,"3":23,"4":23,"5":7,"6":7,"7":23,"8":2,"9":2,"10":2,"11":23,"12":92,"13":368,"14":92,"15":23,"16":92,"17":92,"18":92,"19":92,"20":92,"21":7,"22":32,"23":32,"24":32,"25":2},"f":{"0":23,"1":7,"2":7,"3":2,"4":2,"5":92,"6":368,"7":92,"8":92,"9":92,"10":7,"11":32,"12":2},"b":{"0":[1,6],"1":[46,46],"2":[8,84],"3":[46,46],"4":[8,84],"5":[92,2],"6":[8,84],"7":[8,84],"8":[92,8],"9":[2,30],"10":[2,30],"11":[2,30],"12":[2,30],"13":[2,30]},"meta":{"lastBranch":14,"lastFunction":13,"lastStatement":26,"seen":{"s:10:21:83:Infinity":0,"s:89:6:342:Infinity":1,"f:89:6:89:23":0,"s:90:19:90:48":2,"s:91:18:91:44":3,"s:93:8:93:69":4,"f:93:8:93:18":1,"s:93:25:93:69":5,"f:93:25:93:37":2,"s:93:45:93:69":6,"b:93:59:93:66:93:66:93:69":0,"s:95:8:97:Infinity":7,"f:95:8:95:23":3,"s:96:16:96:Infinity":8,"s:97:4:97:Infinity":9,"f:97:4:97:15":4,"s:97:24:97:56":10,"s:100:8:102:Infinity":11,"f:100:8:100:23":5,"s:101:17:101:Infinity":12,"f:101:45:101:48":6,"s:101:57:101:83":13,"s:102:4:102:Infinity":14,"s:105:2:342:Infinity":15,"f:129:26:129:34":7,"s:129:43:129:67":16,"f:138:31:138:39":8,"s:138:48:138:72":17,"f:149:22:149:27":9,"s:150:27:150:Infinity":18,"s:151:27:151:70":19,"s:153:10:298:Infinity":20,"b:156:60:156:69:156:69:156:77":1,"b:156:91:156:105:156:105:156:Infinity":2,"b:157:58:157:64:157:64:157:68":3,"b:168:36:168:96:168:96:168:108":4,"b:191:19:191:Infinity:192:20:193:Infinity":5,"f:216:18:216:33":10,"s:216:33:216:48":21,"b:221:36:221:53:221:53:221:84":6,"b:223:50:223:56:223:56:223:59":7,"b:233:19:233:Infinity:234:20:294:Infinity":8,"f:247:42:247:47":11,"s:248:40:248:Infinity":22,"s:249:41:249:Infinity":23,"s:250:28:272:Infinity":24,"b:253:67:253:76:253:76:253:Infinity":9,"f:261:34:261:49":12,"s:261:49:261:74":25,"b:262:53:262:74:262:74:262:Infinity":10,"b:264:57:264:70:264:70:264:81":11,"b:267:38:268:39:268:38:268:Infinity":12,"b:271:56:271:73:271:73:271:78":13}}}
,"C:\\Users\\reetu\\Desktop\\Election_Process_Communication\\src\\styles\\Assistant.css": {"path":"C:\\Users\\reetu\\Desktop\\Election_Process_Communication\\src\\styles\\Assistant.css","statementMap":{},"fnMap":{},"branchMap":{},"s":{},"f":{},"b":{},"meta":{"lastBranch":0,"lastFunction":0,"lastStatement":0,"seen":{}}}
,"C:\\Users\\reetu\\Desktop\\Election_Process_Communication\\src\\styles\\Footer.css": {"path":"C:\\Users\\reetu\\Desktop\\Election_Process_Communication\\src\\styles\\Footer.css","statementMap":{},"fnMap":{},"branchMap":{},"s":{},"f":{},"b":{},"meta":{"lastBranch":0,"lastFunction":0,"lastStatement":0,"seen":{}}}
,"C:\\Users\\reetu\\Desktop\\Election_Process_Communication\\src\\styles\\Home.css": {"path":"C:\\Users\\reetu\\Desktop\\Election_Process_Communication\\src\\styles\\Home.css","statementMap":{},"fnMap":{},"branchMap":{},"s":{},"f":{},"b":{},"meta":{"lastBranch":0,"lastFunction":0,"lastStatement":0,"seen":{}}}
,"C:\\Users\\reetu\\Desktop\\Election_Process_Communication\\src\\styles\\Navbar.css": {"path":"C:\\Users\\reetu\\Desktop\\Election_Process_Communication\\src\\styles\\Navbar.css","statementMap":{},"fnMap":{},"branchMap":{},"s":{},"f":{},"b":{},"meta":{"lastBranch":0,"lastFunction":0,"lastStatement":0,"seen":{}}}
,"C:\\Users\\reetu\\Desktop\\Election_Process_Communication\\src\\styles\\Resources.css": {"path":"C:\\Users\\reetu\\Desktop\\Election_Process_Communication\\src\\styles\\Resources.css","statementMap":{},"fnMap":{},"branchMap":{},"s":{},"f":{},"b":{},"meta":{"lastBranch":0,"lastFunction":0,"lastStatement":0,"seen":{}}}
,"C:\\Users\\reetu\\Desktop\\Election_Process_Communication\\src\\styles\\Timeline.css": {"path":"C:\\Users\\reetu\\Desktop\\Election_Process_Communication\\src\\styles\\Timeline.css","statementMap":{},"fnMap":{},"branchMap":{},"s":{},"f":{},"b":{},"meta":{"lastBranch":0,"lastFunction":0,"lastStatement":0,"seen":{}}}
}
